Build started 7/21/2017 1:16:11 AM.
     1>Project "C:\Users\sadiq\Downloads\IGraphics_VS2010\War of Tanks\IGraphics\IGraphics.vcxproj" on node 2 (build target(s)).
     1>InitializeBuildStatus:
         Creating "Debug\IGraphics.unsuccessfulbuild" because "AlwaysCreate" was specified.
       ClCompile:
         C:\Program Files (x86)\Microsoft Visual Studio 10.0\VC\bin\CL.exe /c /ZI /nologo /W3 /WX- /Od /Oy- /D _MBCS /Gm /EHsc /RTC1 /MDd /GS /fp:precise /Zc:wchar_t /Zc:forScope /Fo"Debug\\" /Fd"Debug\vc100.pdb" /Gd /TP /analyze- /errorReport:prompt test.cpp
         test.cpp
     1>c:\users\sadiq\downloads\igraphics_vs2010\war of tanks\igraphics\igraphics.h(105): warning C4101: 'k' : unreferenced local variable
     1>c:\users\sadiq\downloads\igraphics_vs2010\war of tanks\igraphics\test.cpp(92): warning C4101: 'l_xx' : unreferenced local variable
     1>c:\users\sadiq\downloads\igraphics_vs2010\war of tanks\igraphics\test.cpp(137): warning C4101: 'l_xx' : unreferenced local variable
       Link:
         C:\Program Files (x86)\Microsoft Visual Studio 10.0\VC\bin\link.exe /ERRORREPORT:PROMPT /OUT:"C:\Users\sadiq\Downloads\IGraphics_VS2010\War of Tanks\Debug\IGraphics.exe" /NOLOGO kernel32.lib user32.lib gdi32.lib winspool.lib comdlg32.lib advapi32.lib shell32.lib ole32.lib oleaut32.lib uuid.lib odbc32.lib odbccp32.lib /MANIFEST /ManifestFile:"Debug\IGraphics.exe.intermediate.manifest" /MANIFESTUAC:"level='asInvoker' uiAccess='false'" /DEBUG /PDB:"C:\Users\sadiq\Downloads\IGraphics_VS2010\War of Tanks\Debug\IGraphics.pdb" /TLBID:1 /DYNAMICBASE /NXCOMPAT /IMPLIB:"C:\Users\sadiq\Downloads\IGraphics_VS2010\War of Tanks\Debug\IGraphics.lib" /MACHINE:X86 Debug\test.obj
         LINK : C:\Users\sadiq\Downloads\IGraphics_VS2010\War of Tanks\Debug\IGraphics.exe not found or not built by the last incremental link; performing full link
         IGraphics.vcxproj -> C:\Users\sadiq\Downloads\IGraphics_VS2010\War of Tanks\Debug\IGraphics.exe
       Manifest:
         C:\Program Files (x86)\Microsoft SDKs\Windows\v7.0A\bin\mt.exe /nologo /verbose /outputresource:"C:\Users\sadiq\Downloads\IGraphics_VS2010\War of Tanks\Debug\IGraphics.exe;#1" /manifest Debug\IGraphics.exe.intermediate.manifest
       FinalizeBuildStatus:
         Deleting file "Debug\IGraphics.unsuccessfulbuild".
         Touching "Debug\IGraphics.lastbuildstate".
     1>Done Building Project "C:\Users\sadiq\Downloads\IGraphics_VS2010\War of Tanks\IGraphics\IGraphics.vcxproj" (build target(s)).

Build succeeded.

Time Elapsed 00:00:02.89
